{"/Users/samialateya/Development/herogram/src/app.ts": {"path":"/Users/samialateya/Development/herogram/src/app.ts","statementMap":{"0":{"start":{"line":2,"column":22},"end":{"line":4,"column":1}},"1":{"start":{"line":3,"column":4},"end":{"line":3,"column":62}},"2":{"start":{"line":5,"column":0},"end":{"line":5,"column":62}},"3":{"start":{"line":6,"column":18},"end":{"line":6,"column":53}},"4":{"start":{"line":7,"column":0},"end":{"line":7,"column":32}},"5":{"start":{"line":8,"column":24},"end":{"line":8,"column":61}},"6":{"start":{"line":9,"column":20},"end":{"line":9,"column":53}},"7":{"start":{"line":10,"column":12},"end":{"line":10,"column":36}},"8":{"start":{"line":11,"column":0},"end":{"line":11,"column":34}},"9":{"start":{"line":13,"column":0},"end":{"line":13,"column":53}},"10":{"start":{"line":13,"column":29},"end":{"line":13,"column":49}},"11":{"start":{"line":15,"column":0},"end":{"line":15,"column":48}},"12":{"start":{"line":16,"column":0},"end":{"line":16,"column":40}},"13":{"start":{"line":17,"column":0},"end":{"line":17,"column":22}}},"fnMap":{"0":{"name":"(anonymous_0)","decl":{"start":{"line":2,"column":56},"end":{"line":2,"column":57}},"loc":{"start":{"line":2,"column":71},"end":{"line":4,"column":1}},"line":2},"1":{"name":"(anonymous_1)","decl":{"start":{"line":13,"column":13},"end":{"line":13,"column":14}},"loc":{"start":{"line":13,"column":27},"end":{"line":13,"column":51}},"line":13}},"branchMap":{"0":{"loc":{"start":{"line":2,"column":22},"end":{"line":4,"column":1}},"type":"binary-expr","locations":[{"start":{"line":2,"column":23},"end":{"line":2,"column":27}},{"start":{"line":2,"column":31},"end":{"line":2,"column":51}},{"start":{"line":2,"column":56},"end":{"line":4,"column":1}}],"line":2},"1":{"loc":{"start":{"line":3,"column":11},"end":{"line":3,"column":61}},"type":"cond-expr","locations":[{"start":{"line":3,"column":37},"end":{"line":3,"column":40}},{"start":{"line":3,"column":43},"end":{"line":3,"column":61}}],"line":3},"2":{"loc":{"start":{"line":3,"column":12},"end":{"line":3,"column":33}},"type":"binary-expr","locations":[{"start":{"line":3,"column":12},"end":{"line":3,"column":15}},{"start":{"line":3,"column":19},"end":{"line":3,"column":33}}],"line":3}},"s":{"0":1,"1":1,"2":1,"3":1,"4":1,"5":1,"6":1,"7":1,"8":1,"9":1,"10":1,"11":1,"12":1,"13":1},"f":{"0":1,"1":1},"b":{"0":[1,1,1],"1":[0,1],"2":[1,1]},"_coverageSchema":"1a1c01bbd47fc00a2c39e90264f33305004495a9","hash":"c0f4b7b23935eef4fee852f527c1f4cc08d35053"}
,"/Users/samialateya/Development/herogram/src/errors/ExposableError.ts": {"path":"/Users/samialateya/Development/herogram/src/errors/ExposableError.ts","statementMap":{"0":{"start":{"line":2,"column":0},"end":{"line":2,"column":62}},"1":{"start":{"line":3,"column":0},"end":{"line":3,"column":32}},"2":{"start":{"line":4,"column":17},"end":{"line":4,"column":45}},"3":{"start":{"line":7,"column":8},"end":{"line":7,"column":23}},"4":{"start":{"line":8,"column":8},"end":{"line":8,"column":30}},"5":{"start":{"line":9,"column":8},"end":{"line":9,"column":37}},"6":{"start":{"line":10,"column":8},"end":{"line":10,"column":52}},"7":{"start":{"line":13,"column":0},"end":{"line":13,"column":40}}},"fnMap":{"0":{"name":"(anonymous_0)","decl":{"start":{"line":6,"column":4},"end":{"line":6,"column":5}},"loc":{"start":{"line":6,"column":43},"end":{"line":11,"column":5}},"line":6}},"branchMap":{"0":{"loc":{"start":{"line":6,"column":32},"end":{"line":6,"column":41}},"type":"default-arg","locations":[{"start":{"line":6,"column":39},"end":{"line":6,"column":41}}],"line":6}},"s":{"0":1,"1":1,"2":1,"3":0,"4":0,"5":0,"6":0,"7":1},"f":{"0":0},"b":{"0":[0]},"_coverageSchema":"1a1c01bbd47fc00a2c39e90264f33305004495a9","hash":"f70fcc0645f551a5a58a39f23b6d7b9f6e20ff17"}
,"/Users/samialateya/Development/herogram/src/helpers/Logger.ts": {"path":"/Users/samialateya/Development/herogram/src/helpers/Logger.ts","statementMap":{"0":{"start":{"line":2,"column":22},"end":{"line":4,"column":1}},"1":{"start":{"line":3,"column":4},"end":{"line":3,"column":62}},"2":{"start":{"line":5,"column":0},"end":{"line":5,"column":62}},"3":{"start":{"line":6,"column":0},"end":{"line":6,"column":24}},"4":{"start":{"line":7,"column":15},"end":{"line":7,"column":47}},"5":{"start":{"line":10,"column":8},"end":{"line":18,"column":10}},"6":{"start":{"line":12,"column":35},"end":{"line":14,"column":17}},"7":{"start":{"line":17,"column":29},"end":{"line":17,"column":78}},"8":{"start":{"line":19,"column":8},"end":{"line":19,"column":56}},"9":{"start":{"line":22,"column":8},"end":{"line":22,"column":36}},"10":{"start":{"line":25,"column":8},"end":{"line":25,"column":35}},"11":{"start":{"line":28,"column":8},"end":{"line":28,"column":35}},"12":{"start":{"line":31,"column":8},"end":{"line":31,"column":45}},"13":{"start":{"line":34,"column":15},"end":{"line":34,"column":27}},"14":{"start":{"line":35,"column":0},"end":{"line":35,"column":24}}},"fnMap":{"0":{"name":"(anonymous_0)","decl":{"start":{"line":2,"column":56},"end":{"line":2,"column":57}},"loc":{"start":{"line":2,"column":71},"end":{"line":4,"column":1}},"line":2},"1":{"name":"(anonymous_1)","decl":{"start":{"line":9,"column":4},"end":{"line":9,"column":5}},"loc":{"start":{"line":9,"column":18},"end":{"line":20,"column":5}},"line":9},"2":{"name":"(anonymous_2)","decl":{"start":{"line":12,"column":23},"end":{"line":12,"column":24}},"loc":{"start":{"line":12,"column":35},"end":{"line":14,"column":17}},"line":12},"3":{"name":"(anonymous_3)","decl":{"start":{"line":17,"column":23},"end":{"line":17,"column":24}},"loc":{"start":{"line":17,"column":29},"end":{"line":17,"column":78}},"line":17},"4":{"name":"(anonymous_4)","decl":{"start":{"line":21,"column":4},"end":{"line":21,"column":5}},"loc":{"start":{"line":21,"column":20},"end":{"line":23,"column":5}},"line":21},"5":{"name":"(anonymous_5)","decl":{"start":{"line":24,"column":4},"end":{"line":24,"column":5}},"loc":{"start":{"line":24,"column":19},"end":{"line":26,"column":5}},"line":24},"6":{"name":"(anonymous_6)","decl":{"start":{"line":27,"column":4},"end":{"line":27,"column":5}},"loc":{"start":{"line":27,"column":19},"end":{"line":29,"column":5}},"line":27},"7":{"name":"(anonymous_7)","decl":{"start":{"line":30,"column":4},"end":{"line":30,"column":5}},"loc":{"start":{"line":30,"column":25},"end":{"line":32,"column":5}},"line":30}},"branchMap":{"0":{"loc":{"start":{"line":2,"column":22},"end":{"line":4,"column":1}},"type":"binary-expr","locations":[{"start":{"line":2,"column":23},"end":{"line":2,"column":27}},{"start":{"line":2,"column":31},"end":{"line":2,"column":51}},{"start":{"line":2,"column":56},"end":{"line":4,"column":1}}],"line":2},"1":{"loc":{"start":{"line":3,"column":11},"end":{"line":3,"column":61}},"type":"cond-expr","locations":[{"start":{"line":3,"column":37},"end":{"line":3,"column":40}},{"start":{"line":3,"column":43},"end":{"line":3,"column":61}}],"line":3},"2":{"loc":{"start":{"line":3,"column":12},"end":{"line":3,"column":33}},"type":"binary-expr","locations":[{"start":{"line":3,"column":12},"end":{"line":3,"column":15}},{"start":{"line":3,"column":19},"end":{"line":3,"column":33}}],"line":3}},"s":{"0":1,"1":1,"2":1,"3":1,"4":1,"5":1,"6":6,"7":1,"8":1,"9":0,"10":0,"11":0,"12":0,"13":1,"14":1},"f":{"0":1,"1":1,"2":6,"3":1,"4":0,"5":0,"6":0,"7":0},"b":{"0":[1,1,1],"1":[0,1],"2":[1,1]},"_coverageSchema":"1a1c01bbd47fc00a2c39e90264f33305004495a9","hash":"77a2288e9f9bb25bbb8be5cda65ffc0ce99ee652"}
,"/Users/samialateya/Development/herogram/src/middleware/error-handler.ts": {"path":"/Users/samialateya/Development/herogram/src/middleware/error-handler.ts","statementMap":{"0":{"start":{"line":2,"column":0},"end":{"line":2,"column":62}},"1":{"start":{"line":3,"column":0},"end":{"line":3,"column":40}},"2":{"start":{"line":4,"column":17},"end":{"line":4,"column":45}},"3":{"start":{"line":5,"column":25},"end":{"line":5,"column":60}},"4":{"start":{"line":6,"column":31},"end":{"line":18,"column":1}},"5":{"start":{"line":7,"column":4},"end":{"line":9,"column":5}},"6":{"start":{"line":8,"column":8},"end":{"line":8,"column":48}},"7":{"start":{"line":10,"column":4},"end":{"line":16,"column":25}},"8":{"start":{"line":17,"column":4},"end":{"line":17,"column":33}},"9":{"start":{"line":19,"column":0},"end":{"line":19,"column":56}}},"fnMap":{"0":{"name":"(anonymous_0)","decl":{"start":{"line":6,"column":31},"end":{"line":6,"column":32}},"loc":{"start":{"line":6,"column":56},"end":{"line":18,"column":1}},"line":6}},"branchMap":{"0":{"loc":{"start":{"line":7,"column":4},"end":{"line":9,"column":5}},"type":"if","locations":[{"start":{"line":7,"column":4},"end":{"line":9,"column":5}},{"start":{},"end":{}}],"line":7}},"s":{"0":1,"1":1,"2":1,"3":1,"4":1,"5":0,"6":0,"7":0,"8":0,"9":1},"f":{"0":0},"b":{"0":[0,0]},"_coverageSchema":"1a1c01bbd47fc00a2c39e90264f33305004495a9","hash":"c6cf921fafcf1874f1a5a8e6009d0e80f4c1506b"}
,"/Users/samialateya/Development/herogram/src/middleware/not-found.ts": {"path":"/Users/samialateya/Development/herogram/src/middleware/not-found.ts","statementMap":{"0":{"start":{"line":2,"column":0},"end":{"line":2,"column":62}},"1":{"start":{"line":3,"column":0},"end":{"line":3,"column":36}},"2":{"start":{"line":4,"column":27},"end":{"line":6,"column":1}},"3":{"start":{"line":5,"column":4},"end":{"line":5,"column":33}},"4":{"start":{"line":7,"column":0},"end":{"line":7,"column":48}}},"fnMap":{"0":{"name":"(anonymous_0)","decl":{"start":{"line":4,"column":27},"end":{"line":4,"column":28}},"loc":{"start":{"line":4,"column":47},"end":{"line":6,"column":1}},"line":4}},"branchMap":{},"s":{"0":1,"1":1,"2":1,"3":1,"4":1},"f":{"0":1},"b":{},"_coverageSchema":"1a1c01bbd47fc00a2c39e90264f33305004495a9","hash":"f1715cf2fe2e561733b806a97b37802a4ce31550"}
}
